running develop
/home/justin/.local/lib/python3.10/site-packages/setuptools/command/develop.py:40: EasyInstallDeprecationWarning: easy_install command is deprecated.
!!

        ********************************************************************************
        Please avoid running ``setup.py`` and ``easy_install``.
        Instead, use pypa/build, pypa/installer or other
        standards-based tools.

        See https://github.com/pypa/setuptools/issues/917 for details.
        ********************************************************************************

!!
  easy_install.initialize_options(self)
/home/justin/.local/lib/python3.10/site-packages/setuptools/_distutils/cmd.py:66: SetuptoolsDeprecationWarning: setup.py install is deprecated.
!!

        ********************************************************************************
        Please avoid running ``setup.py`` directly.
        Instead, use pypa/build, pypa/installer or other
        standards-based tools.

        See https://blog.ganssle.io/articles/2021/10/setup-py-deprecated.html for details.
        ********************************************************************************

!!
  self.initialize_options()
running egg_info
writing ros2trace.egg-info/PKG-INFO
writing dependency_links to ros2trace.egg-info/dependency_links.txt
writing entry points to ros2trace.egg-info/entry_points.txt
writing requirements to ros2trace.egg-info/requires.txt
writing top-level names to ros2trace.egg-info/top_level.txt
reading manifest file 'ros2trace.egg-info/SOURCES.txt'
writing manifest file 'ros2trace.egg-info/SOURCES.txt'
running build_ext
Creating /home/justin/ros2_tracing_humble_demo_ws/src/ros2_tracing/install/ros2trace/lib/python3.10/site-packages/ros2trace.egg-link (link to .)

Installed /home/justin/ros2_tracing_humble_demo_ws/src/ros2_tracing/build/ros2trace
running install_data
