-- The C compiler identification is GNU 11.4.0
-- The CXX compiler identification is GNU 11.4.0
-- Detecting C compiler ABI info
-- Detecting C compiler ABI info - done
-- Check for working C compiler: /usr/bin/cc - skipped
-- Detecting C compile features
-- Detecting C compile features - done
-- Detecting CXX compiler ABI info
-- Detecting CXX compiler ABI info - done
-- Check for working CXX compiler: /usr/bin/c++ - skipped
-- Detecting CXX compile features
-- Detecting CXX compile features - done
-- Found ament_cmake_ros: 0.10.0 (/opt/ros/humble/share/ament_cmake_ros/cmake)
-- Found Python3: /usr/bin/python3.10 (found version "3.10.12") found components: Interpreter 
-- Override CMake install command with custom implementation using symlinks instead of copying resources
-- Found PkgConfig: /usr/bin/pkg-config (found version "0.29.2") 
-- Checking for module 'lttng-ust'
--   Found lttng-ust, version 2.13.6
[0mLTTng found: tracing enabled[0m
-- Found ament_lint_auto: 0.12.8 (/opt/ros/humble/share/ament_lint_auto/cmake)
-- Found gtest sources under '/opt/ros/humble/src/gtest_vendor': C++ tests using 'Google Test' will be built
-- Performing Test CMAKE_HAVE_LIBC_PTHREAD
-- Performing Test CMAKE_HAVE_LIBC_PTHREAD - Success
-- Found Threads: TRUE  
-- Added test 'copyright' to check source files copyright and LICENSE
-- Added test 'cppcheck' to perform static code analysis on C / C++ code
-- Configured cppcheck include dirs: /usr/local/include
-- Configured cppcheck exclude dirs and/or files: 
-- Added test 'cpplint' to check C / C++ code against the Google style
-- Configured cpplint exclude dirs and/or files: 
-- Added test 'lint_cmake' to check CMake code style
-- Added test 'uncrustify' to check C / C++ code style
-- Configured uncrustify additional arguments: 
-- Added test 'xmllint' to check XML markup files
-- Configuring done (1.2s)
-- Generating done (0.0s)
-- Build files have been written to: /home/justin/ros2_tracing_humble_demo_ws/src/ros2_tracing/build/tracetools
[ 28%] [32mBuilding CXX object CMakeFiles/tracetools.dir/src/utils.cpp.o[0m
[ 28%] [32mBuilding CXX object gtest/CMakeFiles/gtest.dir/src/gtest-all.cc.o[0m
[ 28%] [32mBuilding CXX object gtest/CMakeFiles/gtest_main.dir/src/gtest_main.cc.o[0m
[ 28%] [32mBuilding C object CMakeFiles/tracetools.dir/src/tracetools.c.o[0m
[ 35%] [32mBuilding C object CMakeFiles/tracetools.dir/src/tp_call.c.o[0m
[ 42%] [32m[1mLinking CXX shared library libtracetools.so[0m
[ 42%] Built target tracetools
[ 50%] [32mBuilding C object CMakeFiles/tracetools_status.dir/src/status.c.o[0m
[ 57%] [32m[1mLinking C shared library libtracetools_status.so[0m
[ 57%] Built target tracetools_status
[ 64%] [32mBuilding C object CMakeFiles/status.dir/src/status_tool.c.o[0m
[ 71%] [32m[1mLinking C executable status[0m
[ 71%] Built target status
[ 78%] [32m[1mLinking CXX static library libgtest_main.a[0m
[ 78%] Built target gtest_main
[ 85%] [32m[1mLinking CXX static library libgtest.a[0m
[ 85%] Built target gtest
[ 92%] [32mBuilding CXX object CMakeFiles/test_status.dir/test/test_status.cpp.o[0m
[100%] [32m[1mLinking CXX executable test_status[0m
[100%] Built target test_status
-- Install configuration: ""
-- Execute custom install script
-- Symlinking: /home/justin/ros2_tracing_humble_demo_ws/src/ros2_tracing/install/tracetools/share/tracetools/environment/library_path.sh
-- Symlinking: /home/justin/ros2_tracing_humble_demo_ws/src/ros2_tracing/install/tracetools/share/tracetools/environment/library_path.dsv
-- Symlinking: /home/justin/ros2_tracing_humble_demo_ws/src/ros2_tracing/install/tracetools/lib/libtracetools_status.so
-- Symlinking: /home/justin/ros2_tracing_humble_demo_ws/src/ros2_tracing/install/tracetools/lib/tracetools/status
-- Symlinking: /home/justin/ros2_tracing_humble_demo_ws/src/ros2_tracing/install/tracetools/include/tracetools/tracetools/config.h
-- Symlinking: /home/justin/ros2_tracing_humble_demo_ws/src/ros2_tracing/install/tracetools/include/tracetools/tracetools/status.h
-- Symlinking: /home/justin/ros2_tracing_humble_demo_ws/src/ros2_tracing/install/tracetools/include/tracetools/tracetools/tp_call.h
-- Symlinking: /home/justin/ros2_tracing_humble_demo_ws/src/ros2_tracing/install/tracetools/include/tracetools/tracetools/tracetools.h
-- Symlinking: /home/justin/ros2_tracing_humble_demo_ws/src/ros2_tracing/install/tracetools/include/tracetools/tracetools/utils.hpp
-- Symlinking: /home/justin/ros2_tracing_humble_demo_ws/src/ros2_tracing/install/tracetools/include/tracetools/tracetools/visibility_control.hpp
-- Symlinking: /home/justin/ros2_tracing_humble_demo_ws/src/ros2_tracing/install/tracetools/share/ament_index/resource_index/package_run_dependencies/tracetools
-- Symlinking: /home/justin/ros2_tracing_humble_demo_ws/src/ros2_tracing/install/tracetools/share/ament_index/resource_index/parent_prefix_path/tracetools
-- Symlinking: /home/justin/ros2_tracing_humble_demo_ws/src/ros2_tracing/install/tracetools/share/tracetools/environment/ament_prefix_path.sh
-- Symlinking: /home/justin/ros2_tracing_humble_demo_ws/src/ros2_tracing/install/tracetools/share/tracetools/environment/ament_prefix_path.dsv
-- Symlinking: /home/justin/ros2_tracing_humble_demo_ws/src/ros2_tracing/install/tracetools/share/tracetools/environment/path.sh
-- Symlinking: /home/justin/ros2_tracing_humble_demo_ws/src/ros2_tracing/install/tracetools/share/tracetools/environment/path.dsv
-- Symlinking: /home/justin/ros2_tracing_humble_demo_ws/src/ros2_tracing/install/tracetools/share/tracetools/local_setup.bash
-- Symlinking: /home/justin/ros2_tracing_humble_demo_ws/src/ros2_tracing/install/tracetools/share/tracetools/local_setup.sh
-- Symlinking: /home/justin/ros2_tracing_humble_demo_ws/src/ros2_tracing/install/tracetools/share/tracetools/local_setup.zsh
-- Symlinking: /home/justin/ros2_tracing_humble_demo_ws/src/ros2_tracing/install/tracetools/share/tracetools/local_setup.dsv
-- Symlinking: /home/justin/ros2_tracing_humble_demo_ws/src/ros2_tracing/install/tracetools/share/tracetools/package.dsv
-- Symlinking: /home/justin/ros2_tracing_humble_demo_ws/src/ros2_tracing/install/tracetools/share/ament_index/resource_index/packages/tracetools
-- Symlinking: /home/justin/ros2_tracing_humble_demo_ws/src/ros2_tracing/install/tracetools/share/tracetools/cmake/ament_cmake_export_targets-extras.cmake
-- Symlinking: /home/justin/ros2_tracing_humble_demo_ws/src/ros2_tracing/install/tracetools/share/tracetools/cmake/ament_cmake_export_include_directories-extras.cmake
-- Symlinking: /home/justin/ros2_tracing_humble_demo_ws/src/ros2_tracing/install/tracetools/share/tracetools/cmake/ament_cmake_export_libraries-extras.cmake
-- Symlinking: /home/justin/ros2_tracing_humble_demo_ws/src/ros2_tracing/install/tracetools/share/tracetools/cmake/ament_cmake_export_link_flags-extras.cmake
-- Symlinking: /home/justin/ros2_tracing_humble_demo_ws/src/ros2_tracing/install/tracetools/share/tracetools/cmake/tracetoolsConfig.cmake
-- Symlinking: /home/justin/ros2_tracing_humble_demo_ws/src/ros2_tracing/install/tracetools/share/tracetools/cmake/tracetoolsConfig-version.cmake
-- Symlinking: /home/justin/ros2_tracing_humble_demo_ws/src/ros2_tracing/install/tracetools/share/tracetools/package.xml
-- Installing: /home/justin/ros2_tracing_humble_demo_ws/src/ros2_tracing/install/tracetools/lib/libtracetools.so
-- Installing: /home/justin/ros2_tracing_humble_demo_ws/src/ros2_tracing/install/tracetools/share/tracetools/cmake/tracetools_exportExport.cmake
-- Installing: /home/justin/ros2_tracing_humble_demo_ws/src/ros2_tracing/install/tracetools/share/tracetools/cmake/tracetools_exportExport-noconfig.cmake
