running develop
/home/justin/.local/lib/python3.10/site-packages/setuptools/command/develop.py:40: EasyInstallDeprecationWarning: easy_install command is deprecated.
!!

        ********************************************************************************
        Please avoid running ``setup.py`` and ``easy_install``.
        Instead, use pypa/build, pypa/installer or other
        standards-based tools.

        See https://github.com/pypa/setuptools/issues/917 for details.
        ********************************************************************************

!!
  easy_install.initialize_options(self)
/home/justin/.local/lib/python3.10/site-packages/setuptools/_distutils/cmd.py:66: SetuptoolsDeprecationWarning: setup.py install is deprecated.
!!

        ********************************************************************************
        Please avoid running ``setup.py`` directly.
        Instead, use pypa/build, pypa/installer or other
        standards-based tools.

        See https://blog.ganssle.io/articles/2021/10/setup-py-deprecated.html for details.
        ********************************************************************************

!!
  self.initialize_options()
running egg_info
writing tracetools_launch.egg-info/PKG-INFO
writing dependency_links to tracetools_launch.egg-info/dependency_links.txt
writing entry points to tracetools_launch.egg-info/entry_points.txt
writing requirements to tracetools_launch.egg-info/requires.txt
writing top-level names to tracetools_launch.egg-info/top_level.txt
reading manifest file 'tracetools_launch.egg-info/SOURCES.txt'
writing manifest file 'tracetools_launch.egg-info/SOURCES.txt'
running build_ext
Creating /home/justin/ros2_tracing_humble_demo_ws/src/ros2_tracing/install/tracetools_launch/lib/python3.10/site-packages/tracetools-launch.egg-link (link to .)

Installed /home/justin/ros2_tracing_humble_demo_ws/src/ros2_tracing/build/tracetools_launch
running install_data
copying launch/network_live_image_processing.launch.py -> /home/justin/ros2_tracing_humble_demo_ws/src/ros2_tracing/install/tracetools_launch/share/tracetools_launch/launch
