[  0%] Built target ament_cmake_python_symlink_lttngpy
[  8%] Built target gtest_main
[ 17%] Built target gtest
[ 60%] Built target _lttngpy_pybind11
[ 86%] Built target test_context_app
[ 86%] Built target test_context_lttng
[100%] Built target test_context_perf
running egg_info
writing lttngpy.egg-info/PKG-INFO
writing dependency_links to lttngpy.egg-info/dependency_links.txt
writing top-level names to lttngpy.egg-info/top_level.txt
reading manifest file 'lttngpy.egg-info/SOURCES.txt'
writing manifest file 'lttngpy.egg-info/SOURCES.txt'
[100%] Built target ament_cmake_python_build_lttngpy_egg
-- Install configuration: ""
-- Execute custom install script
-- Up-to-date symlink: /home/justin/ros2_tracing_humble_demo_ws/src/ros2_tracing/install/lttngpy/share/lttngpy/environment/pythonpath.sh
-- Up-to-date symlink: /home/justin/ros2_tracing_humble_demo_ws/src/ros2_tracing/install/lttngpy/share/lttngpy/environment/pythonpath.dsv
-- Up-to-date symlink: /home/justin/ros2_tracing_humble_demo_ws/src/ros2_tracing/install/lttngpy/local/lib/python3.10/dist-packages/lttngpy-7.1.0-py3.10.egg-info/PKG-INFO
-- Up-to-date symlink: /home/justin/ros2_tracing_humble_demo_ws/src/ros2_tracing/install/lttngpy/local/lib/python3.10/dist-packages/lttngpy-7.1.0-py3.10.egg-info/SOURCES.txt
-- Up-to-date symlink: /home/justin/ros2_tracing_humble_demo_ws/src/ros2_tracing/install/lttngpy/local/lib/python3.10/dist-packages/lttngpy-7.1.0-py3.10.egg-info/dependency_links.txt
-- Up-to-date symlink: /home/justin/ros2_tracing_humble_demo_ws/src/ros2_tracing/install/lttngpy/local/lib/python3.10/dist-packages/lttngpy-7.1.0-py3.10.egg-info/top_level.txt
-- Up-to-date symlink: /home/justin/ros2_tracing_humble_demo_ws/src/ros2_tracing/install/lttngpy/local/lib/python3.10/dist-packages/lttngpy/__init__.py
-- Up-to-date symlink: /home/justin/ros2_tracing_humble_demo_ws/src/ros2_tracing/install/lttngpy/local/lib/python3.10/dist-packages/lttngpy/impl.py
-- Up-to-date symlink: /home/justin/ros2_tracing_humble_demo_ws/src/ros2_tracing/install/lttngpy/local/lib/python3.10/dist-packages/lttngpy/_lttngpy_pybind11.cpython-310-x86_64-linux-gnu.so
-- Up-to-date symlink: /home/justin/ros2_tracing_humble_demo_ws/src/ros2_tracing/install/lttngpy/share/ament_index/resource_index/package_run_dependencies/lttngpy
-- Up-to-date symlink: /home/justin/ros2_tracing_humble_demo_ws/src/ros2_tracing/install/lttngpy/share/ament_index/resource_index/parent_prefix_path/lttngpy
-- Up-to-date symlink: /home/justin/ros2_tracing_humble_demo_ws/src/ros2_tracing/install/lttngpy/share/lttngpy/environment/ament_prefix_path.sh
-- Up-to-date symlink: /home/justin/ros2_tracing_humble_demo_ws/src/ros2_tracing/install/lttngpy/share/lttngpy/environment/ament_prefix_path.dsv
-- Up-to-date symlink: /home/justin/ros2_tracing_humble_demo_ws/src/ros2_tracing/install/lttngpy/share/lttngpy/environment/path.sh
-- Up-to-date symlink: /home/justin/ros2_tracing_humble_demo_ws/src/ros2_tracing/install/lttngpy/share/lttngpy/environment/path.dsv
-- Up-to-date symlink: /home/justin/ros2_tracing_humble_demo_ws/src/ros2_tracing/install/lttngpy/share/lttngpy/local_setup.bash
-- Up-to-date symlink: /home/justin/ros2_tracing_humble_demo_ws/src/ros2_tracing/install/lttngpy/share/lttngpy/local_setup.sh
-- Up-to-date symlink: /home/justin/ros2_tracing_humble_demo_ws/src/ros2_tracing/install/lttngpy/share/lttngpy/local_setup.zsh
-- Up-to-date symlink: /home/justin/ros2_tracing_humble_demo_ws/src/ros2_tracing/install/lttngpy/share/lttngpy/local_setup.dsv
-- Symlinking: /home/justin/ros2_tracing_humble_demo_ws/src/ros2_tracing/install/lttngpy/share/lttngpy/package.dsv
-- Up-to-date symlink: /home/justin/ros2_tracing_humble_demo_ws/src/ros2_tracing/install/lttngpy/share/ament_index/resource_index/packages/lttngpy
-- Up-to-date symlink: /home/justin/ros2_tracing_humble_demo_ws/src/ros2_tracing/install/lttngpy/share/lttngpy/cmake/lttngpyConfig.cmake
-- Up-to-date symlink: /home/justin/ros2_tracing_humble_demo_ws/src/ros2_tracing/install/lttngpy/share/lttngpy/cmake/lttngpyConfig-version.cmake
-- Up-to-date symlink: /home/justin/ros2_tracing_humble_demo_ws/src/ros2_tracing/install/lttngpy/share/lttngpy/package.xml
Listing '/home/justin/ros2_tracing_humble_demo_ws/src/ros2_tracing/install/lttngpy/local/lib/python3.10/dist-packages/lttngpy'...
