[0.944s] Invoking command in '/home/justin/ros2_tracing_humble_demo_ws/src/ros2_tracing/build/tracetools_trace': AMENT_PREFIX_PATH=/home/justin/ros2_tracing_humble_demo_ws/src/ros2_tracing/install/lttngpy:${AMENT_PREFIX_PATH} CMAKE_PREFIX_PATH=/home/justin/ros2_tracing_humble_demo_ws/src/ros2_tracing/install/lttngpy:${CMAKE_PREFIX_PATH} PYTHONPATH=/home/justin/ros2_tracing_humble_demo_ws/src/ros2_tracing/build/tracetools_trace/prefix_override:/home/justin/ros2_tracing_humble_demo_ws/src/ros2_tracing/install/tracetools_trace/lib/python3.10/site-packages:/home/justin/ros2_tracing_humble_demo_ws/src/ros2_tracing/install/lttngpy/local/lib/python3.10/dist-packages:${PYTHONPATH} /usr/bin/python3 setup.py develop --editable --build-directory /home/justin/ros2_tracing_humble_demo_ws/src/ros2_tracing/build/tracetools_trace/build --no-deps install_data
[1.271s] running develop
[1.272s] /home/justin/.local/lib/python3.10/site-packages/setuptools/command/develop.py:40: EasyInstallDeprecationWarning: easy_install command is deprecated.
[1.272s] !!
[1.272s] 
[1.272s]         ********************************************************************************
[1.272s]         Please avoid running ``setup.py`` and ``easy_install``.
[1.272s]         Instead, use pypa/build, pypa/installer or other
[1.272s]         standards-based tools.
[1.272s] 
[1.272s]         See https://github.com/pypa/setuptools/issues/917 for details.
[1.272s]         ********************************************************************************
[1.272s] 
[1.272s] !!
[1.272s]   easy_install.initialize_options(self)
[1.320s] /home/justin/.local/lib/python3.10/site-packages/setuptools/_distutils/cmd.py:66: SetuptoolsDeprecationWarning: setup.py install is deprecated.
[1.320s] !!
[1.320s] 
[1.320s]         ********************************************************************************
[1.321s]         Please avoid running ``setup.py`` directly.
[1.321s]         Instead, use pypa/build, pypa/installer or other
[1.321s]         standards-based tools.
[1.321s] 
[1.321s]         See https://blog.ganssle.io/articles/2021/10/setup-py-deprecated.html for details.
[1.321s]         ********************************************************************************
[1.321s] 
[1.321s] !!
[1.321s]   self.initialize_options()
[1.554s] running egg_info
[1.554s] creating tracetools_trace.egg-info
[1.572s] writing tracetools_trace.egg-info/PKG-INFO
[1.573s] writing dependency_links to tracetools_trace.egg-info/dependency_links.txt
[1.573s] writing entry points to tracetools_trace.egg-info/entry_points.txt
[1.573s] writing requirements to tracetools_trace.egg-info/requires.txt
[1.573s] writing top-level names to tracetools_trace.egg-info/top_level.txt
[1.573s] writing manifest file 'tracetools_trace.egg-info/SOURCES.txt'
[1.610s] reading manifest file 'tracetools_trace.egg-info/SOURCES.txt'
[1.610s] writing manifest file 'tracetools_trace.egg-info/SOURCES.txt'
[1.631s] running build_ext
[1.631s] Creating /home/justin/ros2_tracing_humble_demo_ws/src/ros2_tracing/install/tracetools_trace/lib/python3.10/site-packages/tracetools-trace.egg-link (link to .)
[1.632s] Installing trace script to /home/justin/ros2_tracing_humble_demo_ws/src/ros2_tracing/install/tracetools_trace/lib/tracetools_trace
[1.632s] 
[1.632s] Installed /home/justin/ros2_tracing_humble_demo_ws/src/ros2_tracing/build/tracetools_trace
[1.633s] running install_data
[1.633s] copying package.xml -> /home/justin/ros2_tracing_humble_demo_ws/src/ros2_tracing/install/tracetools_trace/share/tracetools_trace
[1.633s] creating /home/justin/ros2_tracing_humble_demo_ws/src/ros2_tracing/install/tracetools_trace/share/ament_index
[1.633s] creating /home/justin/ros2_tracing_humble_demo_ws/src/ros2_tracing/install/tracetools_trace/share/ament_index/resource_index
[1.633s] creating /home/justin/ros2_tracing_humble_demo_ws/src/ros2_tracing/install/tracetools_trace/share/ament_index/resource_index/packages
[1.633s] copying resource/tracetools_trace -> /home/justin/ros2_tracing_humble_demo_ws/src/ros2_tracing/install/tracetools_trace/share/ament_index/resource_index/packages
[1.673s] Invoked command in '/home/justin/ros2_tracing_humble_demo_ws/src/ros2_tracing/build/tracetools_trace' returned '0': AMENT_PREFIX_PATH=/home/justin/ros2_tracing_humble_demo_ws/src/ros2_tracing/install/lttngpy:${AMENT_PREFIX_PATH} CMAKE_PREFIX_PATH=/home/justin/ros2_tracing_humble_demo_ws/src/ros2_tracing/install/lttngpy:${CMAKE_PREFIX_PATH} PYTHONPATH=/home/justin/ros2_tracing_humble_demo_ws/src/ros2_tracing/build/tracetools_trace/prefix_override:/home/justin/ros2_tracing_humble_demo_ws/src/ros2_tracing/install/tracetools_trace/lib/python3.10/site-packages:/home/justin/ros2_tracing_humble_demo_ws/src/ros2_tracing/install/lttngpy/local/lib/python3.10/dist-packages:${PYTHONPATH} /usr/bin/python3 setup.py develop --editable --build-directory /home/justin/ros2_tracing_humble_demo_ws/src/ros2_tracing/build/tracetools_trace/build --no-deps install_data
