-- The C compiler identification is GNU 11.4.0
-- The CXX compiler identification is GNU 11.4.0
-- Detecting C compiler ABI info
-- Detecting C compiler ABI info - done
-- Check for working C compiler: /usr/bin/cc - skipped
-- Detecting C compile features
-- Detecting C compile features - done
-- Detecting CXX compiler ABI info
-- Detecting CXX compiler ABI info - done
-- Check for working CXX compiler: /usr/bin/c++ - skipped
-- Detecting CXX compile features
-- Detecting CXX compile features - done
-- Found ament_cmake: 1.3.5 (/opt/ros/humble/share/ament_cmake/cmake)
-- Found Python3: /usr/bin/python3.10 (found version "3.10.12") found components: Interpreter 
-- Override CMake install command with custom implementation using symlinks instead of copying resources
-- Found Python3: /usr/bin/python3.10 (found version "3.10.12") found components: Interpreter Development Development.Module Development.Embed 
-- Found pybind11_vendor: 2.4.2 (/opt/ros/humble/share/pybind11_vendor/cmake)
-- Performing Test HAS_FLTO
-- Performing Test HAS_FLTO - Success
-- Found pybind11: /usr/include (found version "2.9.1")
-- Found PkgConfig: /usr/bin/pkg-config (found version "0.29.2") 
-- Checking for module 'lttng-ctl'
--   Found lttng-ctl, version 2.13.11
-- Found ament_lint_auto: 0.12.8 (/opt/ros/humble/share/ament_lint_auto/cmake)
-- Found gtest sources under '/opt/ros/humble/src/gtest_vendor': C++ tests using 'Google Test' will be built
-- Performing Test CMAKE_HAVE_LIBC_PTHREAD
-- Performing Test CMAKE_HAVE_LIBC_PTHREAD - Success
-- Found Threads: TRUE  
-- Added test 'copyright' to check source files copyright and LICENSE
-- Added test 'cppcheck' to perform static code analysis on C / C++ code
-- Configured cppcheck include dirs: $<BUILD_INTERFACE:/home/justin/ros2_tracing_humble_demo_ws/src/ros2_tracing/lttngpy/src>;/home/justin/ros2_tracing_humble_demo_ws/src/ros2_tracing/lttngpy/src/
-- Configured cppcheck exclude dirs and/or files: 
-- Added test 'cpplint' to check C / C++ code against the Google style
-- Configured cpplint exclude dirs and/or files: 
-- Added test 'flake8' to check Python code syntax and style conventions
-- Added test 'lint_cmake' to check CMake code style
-- Added test 'pep257' to check Python code against some of the docstring style conventions in PEP 257
-- Added test 'uncrustify' to check C / C++ code style
-- Configured uncrustify additional arguments: 
-- Added test 'xmllint' to check XML markup files
-- Configuring done (3.1s)
-- Generating done (0.0s)
-- Build files have been written to: /home/justin/ros2_tracing_humble_demo_ws/src/ros2_tracing/build/lttngpy
[ 13%] [32mBuilding CXX object gtest/CMakeFiles/gtest_main.dir/src/gtest_main.cc.o[0m
[ 13%] [32mBuilding CXX object gtest/CMakeFiles/gtest.dir/src/gtest-all.cc.o[0m
[ 17%] [32mBuilding CXX object CMakeFiles/_lttngpy_pybind11.dir/src/lttngpy/status.cpp.o[0m
[ 21%] [32mBuilding CXX object CMakeFiles/_lttngpy_pybind11.dir/src/lttngpy/_lttngpy_pybind11.cpp.o[0m
[ 21%] [32mBuilding CXX object CMakeFiles/_lttngpy_pybind11.dir/src/lttngpy/channel.cpp.o[0m
[ 30%] [32mBuilding CXX object CMakeFiles/_lttngpy_pybind11.dir/src/lttngpy/context_lttng.cpp.o[0m
[ 30%] [32mBuilding CXX object CMakeFiles/_lttngpy_pybind11.dir/src/lttngpy/context_app.cpp.o[0m
[ 34%] [32mBuilding CXX object CMakeFiles/_lttngpy_pybind11.dir/src/lttngpy/context_perf.cpp.o[0m
[ 39%] [32mBuilding CXX object CMakeFiles/_lttngpy_pybind11.dir/src/lttngpy/event.cpp.o[0m
[ 43%] [32mBuilding CXX object CMakeFiles/_lttngpy_pybind11.dir/src/lttngpy/lttng.cpp.o[0m
[ 47%] [32mBuilding CXX object CMakeFiles/_lttngpy_pybind11.dir/src/lttngpy/session.cpp.o[0m
[ 47%] Built target ament_cmake_python_symlink_lttngpy
running egg_info
creating lttngpy.egg-info
writing lttngpy.egg-info/PKG-INFO
writing dependency_links to lttngpy.egg-info/dependency_links.txt
writing top-level names to lttngpy.egg-info/top_level.txt
writing manifest file 'lttngpy.egg-info/SOURCES.txt'
reading manifest file 'lttngpy.egg-info/SOURCES.txt'
writing manifest file 'lttngpy.egg-info/SOURCES.txt'
[ 47%] Built target ament_cmake_python_build_lttngpy_egg
[ 52%] [32m[1mLinking CXX static library libgtest_main.a[0m
[ 52%] Built target gtest_main
[ 56%] [32m[1mLinking CXX static library libgtest.a[0m
[ 56%] Built target gtest
[ 73%] [32mBuilding CXX object CMakeFiles/test_context_perf.dir/test/test_context_perf.cpp.o[0m
[ 73%] [32mBuilding CXX object CMakeFiles/test_context_app.dir/test/test_context_app.cpp.o[0m
[ 73%] [32mBuilding CXX object CMakeFiles/test_context_app.dir/src/lttngpy/context_app.cpp.o[0m
[ 73%] [32mBuilding CXX object CMakeFiles/test_context_lttng.dir/test/test_context_lttng.cpp.o[0m
[ 78%] [32mBuilding CXX object CMakeFiles/test_context_perf.dir/src/lttngpy/context_perf.cpp.o[0m
[ 82%] [32mBuilding CXX object CMakeFiles/test_context_lttng.dir/src/lttngpy/context_lttng.cpp.o[0m
[ 86%] [32m[1mLinking CXX shared library _lttngpy_pybind11.cpython-310-x86_64-linux-gnu.so[0m
In file included from [01m[K/home/justin/ros2_tracing_humble_demo_ws/src/ros2_tracing/lttngpy/test/test_context_perf.cpp:15[m[K:
/opt/ros/humble/src/gtest_vendor/include/gtest/gtest.h: In instantiation of ‘[01m[Ktesting::AssertionResult testing::internal::CmpHelperEQ(const char*, const char*, const T1&, const T2&) [with T1 = int; T2 = long unsigned int][m[K’:
[01m[K/opt/ros/humble/src/gtest_vendor/include/gtest/gtest.h:1554:23:[m[K   required from ‘[01m[Kstatic testing::AssertionResult testing::internal::EqHelper::Compare(const char*, const char*, const T1&, const T2&) [with T1 = int; T2 = long unsigned int; typename std::enable_if<((! std::is_integral<_Tp>::value) || (! std::is_pointer<_Dp>::value))>::type* <anonymous> = 0][m[K’
[01m[K/home/justin/ros2_tracing_humble_demo_ws/src/ros2_tracing/lttngpy/test/test_context_perf.cpp:57:3:[m[K   required from here
[01m[K/opt/ros/humble/src/gtest_vendor/include/gtest/gtest.h:1527:11:[m[K [01;35m[Kwarning: [m[Kcomparison of integer expressions of different signedness: ‘[01m[Kconst int[m[K’ and ‘[01m[Kconst long unsigned int[m[K’ [[01;35m[K]8;;https://gcc.gnu.org/onlinedocs/gcc/Warning-Options.html#index-Wsign-compare-Wsign-compare]8;;[m[K]
 1527 |   if ([01;35m[Klhs == rhs[m[K) {
      |       [01;35m[K~~~~^~~~~~[m[K
[ 91%] [32m[1mLinking CXX executable test_context_lttng[0m
[ 95%] [32m[1mLinking CXX executable test_context_app[0m
[100%] [32m[1mLinking CXX executable test_context_perf[0m
[100%] Built target test_context_lttng
[100%] Built target test_context_app
[100%] Built target test_context_perf
[100%] Built target _lttngpy_pybind11
-- Install configuration: ""
-- Execute custom install script
-- Symlinking: /home/justin/ros2_tracing_humble_demo_ws/src/ros2_tracing/install/lttngpy/share/lttngpy/environment/pythonpath.sh
-- Symlinking: /home/justin/ros2_tracing_humble_demo_ws/src/ros2_tracing/install/lttngpy/share/lttngpy/environment/pythonpath.dsv
-- Symlinking: /home/justin/ros2_tracing_humble_demo_ws/src/ros2_tracing/install/lttngpy/local/lib/python3.10/dist-packages/lttngpy-7.1.0-py3.10.egg-info/PKG-INFO
-- Symlinking: /home/justin/ros2_tracing_humble_demo_ws/src/ros2_tracing/install/lttngpy/local/lib/python3.10/dist-packages/lttngpy-7.1.0-py3.10.egg-info/SOURCES.txt
-- Symlinking: /home/justin/ros2_tracing_humble_demo_ws/src/ros2_tracing/install/lttngpy/local/lib/python3.10/dist-packages/lttngpy-7.1.0-py3.10.egg-info/dependency_links.txt
-- Symlinking: /home/justin/ros2_tracing_humble_demo_ws/src/ros2_tracing/install/lttngpy/local/lib/python3.10/dist-packages/lttngpy-7.1.0-py3.10.egg-info/top_level.txt
-- Symlinking: /home/justin/ros2_tracing_humble_demo_ws/src/ros2_tracing/install/lttngpy/local/lib/python3.10/dist-packages/lttngpy/__init__.py
-- Symlinking: /home/justin/ros2_tracing_humble_demo_ws/src/ros2_tracing/install/lttngpy/local/lib/python3.10/dist-packages/lttngpy/impl.py
-- Symlinking: /home/justin/ros2_tracing_humble_demo_ws/src/ros2_tracing/install/lttngpy/local/lib/python3.10/dist-packages/lttngpy/_lttngpy_pybind11.cpython-310-x86_64-linux-gnu.so
-- Symlinking: /home/justin/ros2_tracing_humble_demo_ws/src/ros2_tracing/install/lttngpy/share/ament_index/resource_index/package_run_dependencies/lttngpy
-- Symlinking: /home/justin/ros2_tracing_humble_demo_ws/src/ros2_tracing/install/lttngpy/share/ament_index/resource_index/parent_prefix_path/lttngpy
-- Symlinking: /home/justin/ros2_tracing_humble_demo_ws/src/ros2_tracing/install/lttngpy/share/lttngpy/environment/ament_prefix_path.sh
-- Symlinking: /home/justin/ros2_tracing_humble_demo_ws/src/ros2_tracing/install/lttngpy/share/lttngpy/environment/ament_prefix_path.dsv
-- Symlinking: /home/justin/ros2_tracing_humble_demo_ws/src/ros2_tracing/install/lttngpy/share/lttngpy/environment/path.sh
-- Symlinking: /home/justin/ros2_tracing_humble_demo_ws/src/ros2_tracing/install/lttngpy/share/lttngpy/environment/path.dsv
-- Symlinking: /home/justin/ros2_tracing_humble_demo_ws/src/ros2_tracing/install/lttngpy/share/lttngpy/local_setup.bash
-- Symlinking: /home/justin/ros2_tracing_humble_demo_ws/src/ros2_tracing/install/lttngpy/share/lttngpy/local_setup.sh
-- Symlinking: /home/justin/ros2_tracing_humble_demo_ws/src/ros2_tracing/install/lttngpy/share/lttngpy/local_setup.zsh
-- Symlinking: /home/justin/ros2_tracing_humble_demo_ws/src/ros2_tracing/install/lttngpy/share/lttngpy/local_setup.dsv
-- Symlinking: /home/justin/ros2_tracing_humble_demo_ws/src/ros2_tracing/install/lttngpy/share/lttngpy/package.dsv
-- Symlinking: /home/justin/ros2_tracing_humble_demo_ws/src/ros2_tracing/install/lttngpy/share/ament_index/resource_index/packages/lttngpy
-- Symlinking: /home/justin/ros2_tracing_humble_demo_ws/src/ros2_tracing/install/lttngpy/share/lttngpy/cmake/lttngpyConfig.cmake
-- Symlinking: /home/justin/ros2_tracing_humble_demo_ws/src/ros2_tracing/install/lttngpy/share/lttngpy/cmake/lttngpyConfig-version.cmake
-- Symlinking: /home/justin/ros2_tracing_humble_demo_ws/src/ros2_tracing/install/lttngpy/share/lttngpy/package.xml
Listing '/home/justin/ros2_tracing_humble_demo_ws/src/ros2_tracing/install/lttngpy/local/lib/python3.10/dist-packages/lttngpy'...
Compiling '/home/justin/ros2_tracing_humble_demo_ws/src/ros2_tracing/install/lttngpy/local/lib/python3.10/dist-packages/lttngpy/__init__.py'...
Compiling '/home/justin/ros2_tracing_humble_demo_ws/src/ros2_tracing/install/lttngpy/local/lib/python3.10/dist-packages/lttngpy/impl.py'...
