[1.119s] Invoking command in '/home/justin/ros2_tracing_humble_demo_ws/src/ros2_tracing/build/tracetools_read': PYTHONPATH=/home/justin/ros2_tracing_humble_demo_ws/src/ros2_tracing/build/tracetools_read/prefix_override:/home/justin/ros2_tracing_humble_demo_ws/src/ros2_tracing/install/tracetools_read/lib/python3.10/site-packages:${PYTHONPATH} /usr/bin/python3 setup.py develop --editable --build-directory /home/justin/ros2_tracing_humble_demo_ws/src/ros2_tracing/build/tracetools_read/build --no-deps install_data
[1.454s] running develop
[1.454s] /home/justin/.local/lib/python3.10/site-packages/setuptools/command/develop.py:40: EasyInstallDeprecationWarning: easy_install command is deprecated.
[1.454s] !!
[1.454s] 
[1.454s]         ********************************************************************************
[1.454s]         Please avoid running ``setup.py`` and ``easy_install``.
[1.454s]         Instead, use pypa/build, pypa/installer or other
[1.454s]         standards-based tools.
[1.454s] 
[1.454s]         See https://github.com/pypa/setuptools/issues/917 for details.
[1.454s]         ********************************************************************************
[1.455s] 
[1.455s] !!
[1.455s]   easy_install.initialize_options(self)
[1.490s] /home/justin/.local/lib/python3.10/site-packages/setuptools/_distutils/cmd.py:66: SetuptoolsDeprecationWarning: setup.py install is deprecated.
[1.490s] !!
[1.490s] 
[1.490s]         ********************************************************************************
[1.490s]         Please avoid running ``setup.py`` directly.
[1.490s]         Instead, use pypa/build, pypa/installer or other
[1.491s]         standards-based tools.
[1.491s] 
[1.491s]         See https://blog.ganssle.io/articles/2021/10/setup-py-deprecated.html for details.
[1.491s]         ********************************************************************************
[1.491s] 
[1.491s] !!
[1.491s]   self.initialize_options()
[1.710s] running egg_info
[1.727s] writing tracetools_read.egg-info/PKG-INFO
[1.727s] writing dependency_links to tracetools_read.egg-info/dependency_links.txt
[1.727s] writing requirements to tracetools_read.egg-info/requires.txt
[1.727s] writing top-level names to tracetools_read.egg-info/top_level.txt
[1.764s] reading manifest file 'tracetools_read.egg-info/SOURCES.txt'
[1.764s] writing manifest file 'tracetools_read.egg-info/SOURCES.txt'
[1.783s] running build_ext
[1.783s] Creating /home/justin/ros2_tracing_humble_demo_ws/src/ros2_tracing/install/tracetools_read/lib/python3.10/site-packages/tracetools-read.egg-link (link to .)
[1.783s] 
[1.783s] Installed /home/justin/ros2_tracing_humble_demo_ws/src/ros2_tracing/build/tracetools_read
[1.783s] running install_data
[1.807s] Invoked command in '/home/justin/ros2_tracing_humble_demo_ws/src/ros2_tracing/build/tracetools_read' returned '0': PYTHONPATH=/home/justin/ros2_tracing_humble_demo_ws/src/ros2_tracing/build/tracetools_read/prefix_override:/home/justin/ros2_tracing_humble_demo_ws/src/ros2_tracing/install/tracetools_read/lib/python3.10/site-packages:${PYTHONPATH} /usr/bin/python3 setup.py develop --editable --build-directory /home/justin/ros2_tracing_humble_demo_ws/src/ros2_tracing/build/tracetools_read/build --no-deps install_data
