[1.375s] Invoking command in '/home/justin/ros2_tracing_humble_demo_ws/src/ros2_tracing/build/tracetools_launch': AMENT_PREFIX_PATH=/home/justin/ros2_tracing_humble_demo_ws/src/ros2_tracing/install/tracetools_trace:/home/justin/ros2_tracing_humble_demo_ws/src/ros2_tracing/install/lttngpy:${AMENT_PREFIX_PATH} CMAKE_PREFIX_PATH=/home/justin/ros2_tracing_humble_demo_ws/src/ros2_tracing/install/lttngpy:${CMAKE_PREFIX_PATH} PYTHONPATH=/home/justin/ros2_tracing_humble_demo_ws/src/ros2_tracing/build/tracetools_launch/prefix_override:/home/justin/ros2_tracing_humble_demo_ws/src/ros2_tracing/install/tracetools_launch/lib/python3.10/site-packages:/home/justin/ros2_tracing_humble_demo_ws/src/ros2_tracing/build/tracetools_trace:/home/justin/ros2_tracing_humble_demo_ws/src/ros2_tracing/install/tracetools_trace/lib/python3.10/site-packages:/home/justin/ros2_tracing_humble_demo_ws/src/ros2_tracing/install/lttngpy/local/lib/python3.10/dist-packages:${PYTHONPATH} /usr/bin/python3 setup.py develop --editable --build-directory /home/justin/ros2_tracing_humble_demo_ws/src/ros2_tracing/build/tracetools_launch/build --no-deps install_data
[1.710s] running develop
[1.710s] /home/justin/.local/lib/python3.10/site-packages/setuptools/command/develop.py:40: EasyInstallDeprecationWarning: easy_install command is deprecated.
[1.710s] !!
[1.710s] 
[1.710s]         ********************************************************************************
[1.710s]         Please avoid running ``setup.py`` and ``easy_install``.
[1.711s]         Instead, use pypa/build, pypa/installer or other
[1.711s]         standards-based tools.
[1.711s] 
[1.711s]         See https://github.com/pypa/setuptools/issues/917 for details.
[1.711s]         ********************************************************************************
[1.711s] 
[1.711s] !!
[1.711s]   easy_install.initialize_options(self)
[1.747s] /home/justin/.local/lib/python3.10/site-packages/setuptools/_distutils/cmd.py:66: SetuptoolsDeprecationWarning: setup.py install is deprecated.
[1.747s] !!
[1.747s] 
[1.747s]         ********************************************************************************
[1.747s]         Please avoid running ``setup.py`` directly.
[1.747s]         Instead, use pypa/build, pypa/installer or other
[1.747s]         standards-based tools.
[1.748s] 
[1.748s]         See https://blog.ganssle.io/articles/2021/10/setup-py-deprecated.html for details.
[1.748s]         ********************************************************************************
[1.748s] 
[1.748s] !!
[1.748s]   self.initialize_options()
[1.973s] running egg_info
[1.973s] creating tracetools_launch.egg-info
[1.990s] writing tracetools_launch.egg-info/PKG-INFO
[1.991s] writing dependency_links to tracetools_launch.egg-info/dependency_links.txt
[1.991s] writing entry points to tracetools_launch.egg-info/entry_points.txt
[1.991s] writing requirements to tracetools_launch.egg-info/requires.txt
[1.991s] writing top-level names to tracetools_launch.egg-info/top_level.txt
[1.991s] writing manifest file 'tracetools_launch.egg-info/SOURCES.txt'
[2.031s] reading manifest file 'tracetools_launch.egg-info/SOURCES.txt'
[2.032s] writing manifest file 'tracetools_launch.egg-info/SOURCES.txt'
[2.053s] running build_ext
[2.053s] Creating /home/justin/ros2_tracing_humble_demo_ws/src/ros2_tracing/install/tracetools_launch/lib/python3.10/site-packages/tracetools-launch.egg-link (link to .)
[2.053s] 
[2.053s] Installed /home/justin/ros2_tracing_humble_demo_ws/src/ros2_tracing/build/tracetools_launch
[2.054s] running install_data
[2.054s] copying package.xml -> /home/justin/ros2_tracing_humble_demo_ws/src/ros2_tracing/install/tracetools_launch/share/tracetools_launch
[2.054s] creating /home/justin/ros2_tracing_humble_demo_ws/src/ros2_tracing/install/tracetools_launch/share/tracetools_launch/launch
[2.054s] copying launch/example.launch.py -> /home/justin/ros2_tracing_humble_demo_ws/src/ros2_tracing/install/tracetools_launch/share/tracetools_launch/launch
[2.054s] copying launch/network_live_example.launch.py -> /home/justin/ros2_tracing_humble_demo_ws/src/ros2_tracing/install/tracetools_launch/share/tracetools_launch/launch
[2.054s] copying launch/network_live_image_processing.launch.py -> /home/justin/ros2_tracing_humble_demo_ws/src/ros2_tracing/install/tracetools_launch/share/tracetools_launch/launch
[2.054s] copying launch/example.launch.xml -> /home/justin/ros2_tracing_humble_demo_ws/src/ros2_tracing/install/tracetools_launch/share/tracetools_launch/launch
[2.055s] copying launch/example.launch.yaml -> /home/justin/ros2_tracing_humble_demo_ws/src/ros2_tracing/install/tracetools_launch/share/tracetools_launch/launch
[2.055s] creating /home/justin/ros2_tracing_humble_demo_ws/src/ros2_tracing/install/tracetools_launch/share/ament_index
[2.055s] creating /home/justin/ros2_tracing_humble_demo_ws/src/ros2_tracing/install/tracetools_launch/share/ament_index/resource_index
[2.055s] creating /home/justin/ros2_tracing_humble_demo_ws/src/ros2_tracing/install/tracetools_launch/share/ament_index/resource_index/packages
[2.055s] copying resource/tracetools_launch -> /home/justin/ros2_tracing_humble_demo_ws/src/ros2_tracing/install/tracetools_launch/share/ament_index/resource_index/packages
[2.105s] Invoked command in '/home/justin/ros2_tracing_humble_demo_ws/src/ros2_tracing/build/tracetools_launch' returned '0': AMENT_PREFIX_PATH=/home/justin/ros2_tracing_humble_demo_ws/src/ros2_tracing/install/tracetools_trace:/home/justin/ros2_tracing_humble_demo_ws/src/ros2_tracing/install/lttngpy:${AMENT_PREFIX_PATH} CMAKE_PREFIX_PATH=/home/justin/ros2_tracing_humble_demo_ws/src/ros2_tracing/install/lttngpy:${CMAKE_PREFIX_PATH} PYTHONPATH=/home/justin/ros2_tracing_humble_demo_ws/src/ros2_tracing/build/tracetools_launch/prefix_override:/home/justin/ros2_tracing_humble_demo_ws/src/ros2_tracing/install/tracetools_launch/lib/python3.10/site-packages:/home/justin/ros2_tracing_humble_demo_ws/src/ros2_tracing/build/tracetools_trace:/home/justin/ros2_tracing_humble_demo_ws/src/ros2_tracing/install/tracetools_trace/lib/python3.10/site-packages:/home/justin/ros2_tracing_humble_demo_ws/src/ros2_tracing/install/lttngpy/local/lib/python3.10/dist-packages:${PYTHONPATH} /usr/bin/python3 setup.py develop --editable --build-directory /home/justin/ros2_tracing_humble_demo_ws/src/ros2_tracing/build/tracetools_launch/build --no-deps install_data
